make all --print-data-base --no-builtin-variables --no-builtin-rules --question
# GNU Make 3.81
# Copyright (C) 2006  Free Software Foundation, Inc.
# This is free software; see the source for copying conditions.
# There is NO warranty; not even for MERCHANTABILITY or FITNESS FOR A
# PARTICULAR PURPOSE.

# This program built for i386-apple-darwin11.3.0
 

# Make data base, printed on Mon Aug 22 01:30:19 2022

# Variables

# automatic
<D = $(patsubst %/,%,$(dir $<))
# automatic
?F = $(notdir $?)
# automatic
?D = $(patsubst %/,%,$(dir $?))
# automatic
 
@D = $(patsubst %/,%,$(dir $@))
# automatic
@F = $(notdir $@)
# makefile
CURDIR := /Users/mingzi/Desktop/mingzi_dev/42_Seoul_inner_circle-master/push_swap
# makefile
SHELL = /bin/sh
# environment
VSCODE_NLS_CONFIG = {"locale":"ko","availableLanguages":{"*":"ko"},"_languagePackId":"d4733d4bd5138ffb2c9d12a76b2e9102.ko","_translationsConfigFile":"/Users/mingzi/Library/Application Support/Code/clp/d4733d4bd5138ffb2c9d12a76b2e9102.ko/tcf.json","_cacheRoot":"/Users/mingzi/Library/Application Support/Code/clp/d4733d4bd5138ffb2c9d12a76b2e9102.ko","_resolvedLanguagePackCoreLocation":"/Users/mingzi/Library/Application Support/Code/clp/d4733d4bd5138ffb2c9d12a76b2e9102.ko/6d9b74a70ca9c7733b29f0456fd8195364076dda","_corruptedFile":"/Users/mingzi/Library/Application Support/Code/clp/d4733d4bd5138ffb2c9d12a76b2e9102.ko/corrupted.info","_languagePackSupport":true}
# environment
_ = /usr/bin/make
# makefile (from `Makefile', line 1)
MAKEFILE_LIST :=  Makefile
# environment
__CFBundleIdentifier = com.microsoft.VSCode
# environment
VSCODE_CWD = /
# environment
PATH = /usr/bin:/bin:/usr/sbin:/sbin
# environment
LaunchInstanceID = C0F65805-01C4-461B-9C7F-0E2CE2362B3A
# environment
ELECTRON_RUN_AS_NODE = 1
# default
.FEATURES := target-specific order-only second-expansion else-if archives jobserver check-symlink
# environment
SSH_AUTH_SOCK = /private/tmp/com.apple.launchd.Nt654RkFNp/Listeners
# automatic
%F = $(notdir $%)
# makefile (from `Makefile', line 30)
OBJS = $(SRCS:%.c=%.o)
# environment
PWD = /Users/mingzi/Desktop/mingzi_dev/42_Seoul_inner_circle-master/push_swap
# environment
ORIGINAL_XDG_CURRENT_DESKTOP = undefined
# environment
VSCODE_AMD_ENTRYPOINT = vs/workbench/api/node/extensionHostProcess
# environment
HOME = /Users/mingzi
# default
MAKEFILEPATH := /Applications/Xcode.app/Contents/Developer/Makefiles
# environment
VSCODE_CODE_CACHE_PATH = /Users/mingzi/Library/Application Support/Code/CachedData/6d9b74a70ca9c7733b29f0456fd8195364076dda
# environment
LOGNAME = mingzi
# environment
APPLICATION_INSIGHTS_NO_DIAGNOSTIC_CHANNEL = true
# environment
VSCODE_HANDLES_UNCAUGHT_ERRORS = true
# automatic
^D = $(patsubst %/,%,$(dir $^))
# environment
XPC_FLAGS = 0x0
# default
MAKE = $(MAKE_COMMAND)
# default
MAKECMDGOALS := all
# makefile (from `Makefile', line 17)
SRCS = settings.c push_swap.c basic_push.c basic_rotate.c basic_r_rotate.c basic_swap.c make_node.c make_node_utils.c set_a_location.c sort_rotate.c sort_start.c stack_rotate.c
# environment
SHLVL = 1
# makefile (from `Makefile', line 14)
LIBFT = libft
# default
MAKE_VERSION := 3.81
# environment
USER = mingzi
# makefile
.DEFAULT_GOAL := all
# makefile (from `Makefile', line 13)
NAME = push_swap
# automatic
%D = $(patsubst %/,%,$(dir $%))
# default
MAKE_COMMAND := /Applications/Xcode.app/Contents/Developer/usr/bin/make
# default
.VARIABLES := 
# environment
TMPDIR = /var/folders/pl/wtt6jht52xq842ht1myd9t_h0000gn/T/
# automatic
*F = $(notdir $*)
# environment
VSCODE_IPC_HOOK = /Users/mingzi/Library/Application Support/Code/1.70.1-main.sock
# environment
MallocNanoZone = 0
# makefile
MAKEFLAGS = Rrqp
# environment
MFLAGS = -Rrqp
# automatic
*D = $(patsubst %/,%,$(dir $*))
# environment
XPC_SERVICE_NAME = application.com.microsoft.VSCode.14110588.14110594
# automatic
+D = $(patsubst %/,%,$(dir $+))
# automatic
+F = $(notdir $+)
# environment
__CF_USER_TEXT_ENCODING = 0x1F5:0x3:0x33
# environment
COMMAND_MODE = unix2003
# default
MAKEFILES := 
# automatic
<F = $(notdir $<)
# environment
LC_ALL = C
# makefile (from `Makefile', line 31)
LIBC = ar rc
# environment
SECURITYSESSIONID = 186b0
# automatic
^F = $(notdir $^)
# default
SUFFIXES := 
# makefile (from `Makefile', line 32)
FLAGS = -Wall -Wextra -Werror
# default
.INCLUDE_DIRS = /usr/local/include
# environment
MAKELEVEL := 0
# environment
LANG = C
# environment
VSCODE_PID = 609
# makefile (from `Makefile', line 15)
LIBFT_LIB = libft.a
# variable set hash-table stats:
# Load=67/1024=7%, Rehash=0, Collisions=6/98=6%

# Pattern-specific Variable Values

# No pattern-specific variable values.

# Directories

# . (device 16777230, inode 13887750): 21 files, no impossibilities.

# 21 files, no impossibilities in 1 directories.

# Implicit Rules

%.o: %.c
#  commands to execute (from `Makefile', line 41):
	gcc $(FLAGS) -c -g $^ -I./ -o $@
	

# 1 implicit rules, 0 (0.0%) terminal.

# Files

# Not a target:
set_a_location.o:
#  Implicit rule search has not been done.
#  Modification time never checked.
#  File has not been updated.

all: push_swap
#  Phony target (prerequisite of .PHONY).
#  Command-line target.
#  Implicit rule search has not been done.
#  File does not exist.
#  File has been updated.
#  Needs to be updated (-q is set).
# variable set hash-table stats:
# Load=0/32=0%, Rehash=0, Collisions=0/3=0%

.PHONY: all clean fclean re bonus
#  Implicit rule search has not been done.
#  Modification time never checked.
#  File has not been updated.

# Not a target:
make_node_utils.o:
#  Implicit rule search has not been done.
#  Modification time never checked.
#  File has not been updated.

# Not a target:
basic_r_rotate.o:
#  Implicit rule search has not been done.
#  Modification time never checked.
#  File has not been updated.

# Not a target:
sort_start.o:
#  Implicit rule search has not been done.
#  Modification time never checked.
#  File has not been updated.

# Not a target:
.SUFFIXES:
#  Implicit rule search has not been done.
#  Modification time never checked.
#  File has not been updated.

# Not a target:
Makefile:
#  Implicit rule search has been done.
#  Last modified 2022-08-07 05:15:31
#  File has been updated.
#  Successfully updated.
# variable set hash-table stats:
# Load=0/32=0%, Rehash=0, Collisions=0/0=0%

# Not a target:
stack_rotate.o:
#  Implicit rule search has not been done.
#  Modification time never checked.
#  File has not been updated.

bonus:
#  Phony target (prerequisite of .PHONY).
#  Implicit rule search has not been done.
#  File does not exist.
#  File has not been updated.

fclean: clean
#  Phony target (prerequisite of .PHONY).
#  Implicit rule search has not been done.
#  File does not exist.
#  File has not been updated.
#  commands to execute (from `Makefile', line 49):
	rm -f $(NAME)
	rm -f $(LIBFT_LIB)
	make fclean -C $(LIBFT)
	

# Not a target:
make_node.o:
#  Implicit rule search has not been done.
#  Modification time never checked.
#  File has not been updated.

# Not a target:
.DEFAULT:
#  Implicit rule search has not been done.
#  Modification time never checked.
#  File has not been updated.

# Not a target:
basic_push.o:
#  Implicit rule search has not been done.
#  Modification time never checked.
#  File has not been updated.

settings.o: settings.c
#  Implicit rule search has been done.
#  Implicit/static pattern stem: `settings'
#  File does not exist.
#  File has been updated.
#  Needs to be updated (-q is set).
# automatic
# @ := settings.o
# automatic
# % := 
# automatic
# * := settings
# automatic
# + := settings.c
# automatic
# | := 
# automatic
# < := settings.c
# automatic
# ^ := settings.c
# automatic
# ? := settings.c
# variable set hash-table stats:
# Load=8/32=25%, Rehash=0, Collisions=1/13=8%
#  commands to execute (from `Makefile', line 41):
	gcc $(FLAGS) -c -g $^ -I./ -o $@
	

re: fclean all
#  Phony target (prerequisite of .PHONY).
#  Implicit rule search has not been done.
#  File does not exist.
#  File has not been updated.

clean:
#  Phony target (prerequisite of .PHONY).
#  Implicit rule search has not been done.
#  File does not exist.
#  File has not been updated.
#  commands to execute (from `Makefile', line 45):
	rm -f $(OBJS)
	make clean -C $(LIBFT)
	

# Not a target:
push_swap.o:
#  Implicit rule search has not been done.
#  Modification time never checked.
#  File has not been updated.

push_swap: settings.o push_swap.o basic_push.o basic_rotate.o basic_r_rotate.o basic_swap.o make_node.o make_node_utils.o set_a_location.o sort_rotate.o sort_start.o stack_rotate.o
#  Implicit rule search has not been done.
#  File does not exist.
#  File has been updated.
#  Needs to be updated (-q is set).
# variable set hash-table stats:
 
# Load=0/32=0%, Rehash=0, Collisions=0/3=0%
#  commands to execute (from `Makefile', line 37):
	make all -C $(LIBFT)/
	gcc -o $(NAME) $(OBJS) -Llibft -lft
	

# Not a target:
sort_rotate.o:
#  Implicit rule search has not been done.
#  Modification time never checked.
#  File has not been updated.

# Not a target:
basic_swap.o:
#  Implicit rule search has not been done.
#  Modification time never checked.
#  File has not been updated.

# Not a target:
basic_rotate.o:
#  Implicit rule search has not been done.
#  Modification time never checked.
#  File has not been updated.

# Not a target:
settings.c:
#  Implicit rule search has been done.
#  Last modified 2022-08-10 18:18:25
#  File has been updated.
#  Successfully updated.
# variable set hash-table stats:
# Load=0/32=0%, Rehash=0, Collisions=0/0=0%

# files hash-table stats:
# Load=23/1024=2%, Rehash=0, Collisions=0/60=0%
# VPATH Search Paths

# No `vpath' search paths.

# No general (`VPATH' variable) search path.

# # of strings in strcache: 1
# # of strcache buffers: 1
# strcache size: total = 4096 / max = 4096 / min = 4096 / avg = 4096
# strcache free: total = 4087 / max = 4087 / min = 4087 / avg = 4087

# Finished Make data base on Mon Aug 22 01:30:19 2022

 
